<?xml version="1.0" encoding="UTF-8"?>
<!-- Generated by org.testng.reporters.JUnitXMLReporter -->
<testsuite ignored="1" hostname="DESKTOP-1M8I9U9" failures="0" tests="2" name="Test" time="43.277" errors="0" timestamp="2023-09-01T17:04:05 IST">
  <testcase classname="TestCases1.Login" name="Tc_Login_001" time="1.416"/>
  <testcase classname="TestCases1.login1" name="Tc_Login_002" time="1.648"/>
  <testcase classname="TestCases1.Login" name="Tc_Login_002" time="0.0">
    <ignored/>
  </testcase> <!-- Tc_Login_002 -->
</testsuite> <!-- Test -->
