<?xml version="1.0" encoding="UTF-8"?>
<testng-results ignored="0" total="1" passed="1" failed="0" skipped="0">
  <reporter-output>
  </reporter-output>
  <suite started-at="2023-09-02T17:19:08 IST" name="Default suite" finished-at="2023-09-02T17:19:46 IST" duration-ms="37296">
    <groups>
      <group name="Regration">
        <method signature="Login.Tc_Login_001()[pri:0, instance:TestCases1.Login@6a6cb05c]" name="Tc_Login_001" class="TestCases1.Login"/>
      </group> <!-- Regration -->
    </groups>
    <test started-at="2023-09-02T17:19:08 IST" name="Default test" finished-at="2023-09-02T17:19:46 IST" duration-ms="37296">
      <class name="TestCases1.Login">
        <test-method is-config="true" signature="confBeforeClass()[pri:0, instance:TestCases1.Login@6a6cb05c]" started-at="2023-09-02T17:19:09 IST" name="confBeforeClass" finished-at="2023-09-02T17:19:21 IST" duration-ms="12087" status="PASS">
          <reporter-output>
          </reporter-output>
        </test-method> <!-- confBeforeClass -->
        <test-method is-config="true" signature="confBeforeMethod()[pri:0, instance:TestCases1.Login@6a6cb05c]" started-at="2023-09-02T17:19:21 IST" name="confBeforeMethod" finished-at="2023-09-02T17:19:37 IST" duration-ms="16222" status="PASS">
          <reporter-output>
          </reporter-output>
        </test-method> <!-- confBeforeMethod -->
        <test-method signature="Tc_Login_001()[pri:0, instance:TestCases1.Login@6a6cb05c]" started-at="2023-09-02T17:19:37 IST" name="Tc_Login_001" finished-at="2023-09-02T17:19:45 IST" duration-ms="7746" status="PASS">
          <reporter-output>
          </reporter-output>
        </test-method> <!-- Tc_Login_001 -->
        <test-method is-config="true" signature="confAfterMethod()[pri:0, instance:TestCases1.Login@6a6cb05c]" started-at="2023-09-02T17:19:45 IST" name="confAfterMethod" finished-at="2023-09-02T17:19:45 IST" duration-ms="637" status="PASS">
          <reporter-output>
          </reporter-output>
        </test-method> <!-- confAfterMethod -->
        <test-method is-config="true" signature="confAfterClass()[pri:0, instance:TestCases1.Login@6a6cb05c]" started-at="2023-09-02T17:19:45 IST" name="confAfterClass" finished-at="2023-09-02T17:19:46 IST" duration-ms="424" status="PASS">
          <reporter-output>
          </reporter-output>
        </test-method> <!-- confAfterClass -->
      </class> <!-- TestCases1.Login -->
    </test> <!-- Default test -->
  </suite> <!-- Default suite -->
</testng-results>
